0 info it worked if it ends with ok
1 verbose cli [ '/usr/local/Cellar/node/7.10.0/bin/node',
1 verbose cli   '/usr/local/bin/npm',
1 verbose cli   'install',
1 verbose cli   'angular.min.js' ]
2 info using npm@3.8.6
3 info using node@v5.12.0
4 verbose config Skipping project config: /Users/Spada/.npmrc. (matches userconfig)
5 silly loadCurrentTree Starting
6 silly install loadCurrentTree
7 silly install readLocalPackageData
8 silly fetchPackageMetaData angular.min.js
9 silly fetchOtherPackageData angular.min.js
10 silly cache add args [ 'angular.min.js', null ]
11 verbose cache add spec angular.min.js
12 silly cache add parsed spec Result {
12 silly cache add   raw: 'angular.min.js',
12 silly cache add   scope: null,
12 silly cache add   name: null,
12 silly cache add   rawSpec: 'angular.min.js',
12 silly cache add   spec: '/Users/Spada/Desktop/untitled folder/angular.min.js',
12 silly cache add   type: 'local' }
13 silly addLocalTarball shasum (computed) aee1f2a2174d18b9ba0c8652e39290dea2f71df9
14 verbose addTmpTarball /Users/Spada/Desktop/untitled folder/angular.min.js not in flight; adding
15 verbose correctMkdir /Users/Spada/.npm correctMkdir not in flight; initializing
16 verbose addTmpTarball validating metadata from /Users/Spada/Desktop/untitled folder/angular.min.js
17 verbose tar unpack /Users/Spada/Desktop/untitled folder/angular.min.js
18 verbose tar unpacking to /var/folders/69/1t_y_jdn41qbkq8hj6qsmnmc0000gn/T/npm-833-204d52a9/unpack-cd5c46a1
19 silly gentlyRm /var/folders/69/1t_y_jdn41qbkq8hj6qsmnmc0000gn/T/npm-833-204d52a9/unpack-cd5c46a1 is being purged
20 verbose gentlyRm don't care about contents; nuking /var/folders/69/1t_y_jdn41qbkq8hj6qsmnmc0000gn/T/npm-833-204d52a9/unpack-cd5c46a1
21 silly gunzTarPerm modes [ '755', '644' ]
22 error not a package /Users/Spada/Desktop/untitled folder/angular.min.js
23 error addLocal Could not install /Users/Spada/Desktop/untitled folder/angular.min.js
24 silly fetchPackageMetaData Error: ENOENT: no such file or directory, open '/var/folders/69/1t_y_jdn41qbkq8hj6qsmnmc0000gn/T/npm-833-204d52a9/unpack-cd5c46a1/package.json'
24 silly fetchPackageMetaData     at Error (native)
24 silly fetchPackageMetaData  error for angular.min.js { [Error: ENOENT: no such file or directory, open '/var/folders/69/1t_y_jdn41qbkq8hj6qsmnmc0000gn/T/npm-833-204d52a9/unpack-cd5c46a1/package.json']
24 silly fetchPackageMetaData   errno: -2,
24 silly fetchPackageMetaData   code: 'ENOENT',
24 silly fetchPackageMetaData   syscall: 'open',
24 silly fetchPackageMetaData   path: '/var/folders/69/1t_y_jdn41qbkq8hj6qsmnmc0000gn/T/npm-833-204d52a9/unpack-cd5c46a1/package.json' }
25 silly rollbackFailedOptional Starting
26 silly rollbackFailedOptional Finishing
27 silly runTopLevelLifecycles Starting
28 silly runTopLevelLifecycles Finishing
29 silly install printInstalled
30 verbose stack Error: ENOENT: no such file or directory, open '/var/folders/69/1t_y_jdn41qbkq8hj6qsmnmc0000gn/T/npm-833-204d52a9/unpack-cd5c46a1/package.json'
30 verbose stack     at Error (native)
31 verbose cwd /Users/Spada/Desktop/untitled folder
32 error Darwin 16.7.0
33 error argv "/usr/local/Cellar/node/7.10.0/bin/node" "/usr/local/bin/npm" "install" "angular.min.js"
34 error node v5.12.0
35 error npm  v3.8.6
36 error path /var/folders/69/1t_y_jdn41qbkq8hj6qsmnmc0000gn/T/npm-833-204d52a9/unpack-cd5c46a1/package.json
37 error code ENOENT
38 error errno -2
39 error syscall open
40 error enoent ENOENT: no such file or directory, open '/var/folders/69/1t_y_jdn41qbkq8hj6qsmnmc0000gn/T/npm-833-204d52a9/unpack-cd5c46a1/package.json'
41 error enoent ENOENT: no such file or directory, open '/var/folders/69/1t_y_jdn41qbkq8hj6qsmnmc0000gn/T/npm-833-204d52a9/unpack-cd5c46a1/package.json'
41 error enoent This is most likely not a problem with npm itself
41 error enoent and is related to npm not being able to find a file.
42 verbose exit [ -2, true ]
